TN:
SF:src/index.js
FN:15,(anonymous_0)
FN:26,(anonymous_1)
FN:35,(anonymous_2)
FN:46,(anonymous_3)
FNF:4
FNH:1
FNDA:0,(anonymous_0)
FNDA:0,(anonymous_1)
FNDA:2,(anonymous_2)
FNDA:0,(anonymous_3)
DA:1,1
DA:2,1
DA:3,1
DA:4,1
DA:7,1
DA:8,1
DA:11,1
DA:12,1
DA:15,1
DA:16,0
DA:26,1
DA:27,0
DA:35,1
DA:36,2
DA:37,2
DA:45,1
DA:46,0
DA:47,0
DA:52,1
LF:19
LH:15
BRDA:8,0,0,1
BRDA:8,0,1,0
BRDA:39,1,0,2
BRDA:39,1,1,0
BRDA:45,2,0,0
BRDA:45,2,1,1
BRF:6
BRH:3
end_of_record
TN:
SF:src/db/index.js
FN:46,(anonymous_0)
FNF:1
FNH:1
FNDA:3,(anonymous_0)
DA:1,2
DA:2,2
DA:4,2
DA:5,2
DA:8,2
DA:15,2
DA:19,2
DA:20,2
DA:21,0
DA:23,2
DA:42,0
DA:46,2
DA:47,3
DA:48,3
DA:49,3
DA:50,3
DA:52,0
DA:53,0
DA:57,2
LF:19
LH:15
BRDA:4,0,0,2
BRDA:4,0,1,0
BRDA:9,1,0,2
BRDA:9,1,1,0
BRDA:10,2,0,2
BRDA:10,2,1,0
BRDA:11,3,0,2
BRDA:11,3,1,0
BRDA:12,4,0,2
BRDA:12,4,1,0
BRDA:20,5,0,0
BRDA:20,5,1,2
BRDA:24,6,0,2
BRDA:24,6,1,0
BRDA:25,7,0,2
BRDA:25,7,1,0
BRDA:26,8,0,2
BRDA:26,8,1,0
BRDA:28,9,0,2
BRDA:28,9,1,0
BRDA:29,10,0,2
BRDA:29,10,1,0
BRF:22
BRH:11
end_of_record
TN:
SF:src/db/config/database.js
FNF:0
FNH:0
DA:1,2
DA:3,2
LF:2
LH:2
BRF:0
BRH:0
end_of_record
